62154656 | Writing Thread #1976: waiting...
62154656 | Writing Thread #7184: waiting...
62154656 | Writing Thread #1976: writing something to page #0...
62154656 | Reading Thread #14884: waiting...
62154656 | Reading Thread #3704: waiting...
62154656 | Writing Thread #2084: waiting...
62154656 | Reading Thread #14500: waiting...
62154656 | Writing Thread #17380: waiting...
62154656 | Reading Thread #4328: waiting...
62154656 | Writing Thread #15992: waiting...
62154656 | Reading Thread #16916: waiting...
62154656 | Writing Thread #15040: waiting...
62154656 | Reading Thread #14916: waiting...
62154656 | Reading Thread #13840: waiting...
62154656 | Writing Thread #5080: waiting...
62154656 | Writing Thread #18144: waiting...
62154656 | Writing Thread #8380: waiting...
62154656 | Reading Thread #13588: waiting...
62154656 | Reading Thread #9500: waiting...
62154656 | Reading Thread #14224: waiting...
62154656 | Writing Thread #1984: waiting...
62154656 | Writing Thread #16296: waiting...
62154656 | Reading Thread #7240: waiting...
62154656 | Reading Thread #12524: waiting...
62154656 | Reading Thread #4804: waiting...
62154656 | Writing Thread #10060: waiting...
62154656 | Writing Thread #10828: waiting...
62154656 | Writing Thread #3820: waiting...
62154656 | Reading Thread #11920: waiting...
62154656 | Reading Thread #15996: waiting...
62154656 | Writing Thread #18016: waiting...
62154656 | Writing Thread #16688: waiting...
62154656 | Reading Thread #17852: waiting...
62154656 | Writing Thread #2084: writing something to page #1...
62154656 | Writing Thread #18144: writing something to page #2...
62154656 | Writing Thread #1984: writing something to page #3...
62154656 | Writing Thread #10828: writing something to page #4...
62154671 | Writing Thread #15992: writing something to page #5...
62154671 | Writing Thread #3820: writing something to page #6...
62154671 | Writing Thread #16296: writing something to page #7...
62154671 | Writing Thread #10060: writing something to page #8...
62154671 | Writing Thread #18016: writing something to page #9...
62154671 | Writing Thread #16688: writing something to page #10...
62154671 | Writing Thread #15040: writing something to page #11...
62154671 | Writing Thread #5080: writing something to page #12...
62154671 | Writing Thread #8380: writing something to page #13...
62154687 | Writing Thread #7184: writing something to page #14...
62154687 | Writing Thread #17380: writing something to page #15...
62155203 | Writing Thread #1976: releasing semaphore...
62155203 | Writing Thread #1976: successfully released semaphore...
62155203 | Writing Thread #2084: releasing semaphore...
62155203 | Writing Thread #2084: successfully released semaphore...
62155203 | Writing Thread #18144: releasing semaphore...
62155203 | Writing Thread #18144: successfully released semaphore...
62155203 | Writing Thread #1984: releasing semaphore...
62155203 | Writing Thread #1984: successfully released semaphore...
62155203 | Writing Thread #10828: releasing semaphore...
62155203 | Writing Thread #10828: successfully released semaphore...
62155203 | Reading Thread #11920: reading something from page #0...
62155203 | Writing Thread #15992: releasing semaphore...
62155203 | Writing Thread #15992: successfully released semaphore...
62155203 | Writing Thread #3820: releasing semaphore...
62155203 | Writing Thread #3820: successfully released semaphore...
62155203 | Reading Thread #17852: reading something from page #1...
62155203 | Writing Thread #16296: releasing semaphore...
62155203 | Writing Thread #16296: successfully released semaphore...
62155218 | Reading Thread #4804: reading something from page #2...
62155218 | Writing Thread #10060: releasing semaphore...
62155218 | Writing Thread #10060: successfully released semaphore...
62155218 | Reading Thread #13588: reading something from page #3...
62155218 | Reading Thread #4328: reading something from page #4...
62155218 | Writing Thread #18016: releasing semaphore...
62155218 | Writing Thread #18016: successfully released semaphore...
62155218 | Writing Thread #16688: releasing semaphore...
62155218 | Writing Thread #16688: successfully released semaphore...
62155218 | Reading Thread #12524: reading something from page #5...
62155218 | Reading Thread #9500: reading something from page #6...
62155218 | Writing Thread #15040: releasing semaphore...
62155218 | Writing Thread #15040: successfully released semaphore...
62155218 | Reading Thread #15996: reading something from page #7...
62155218 | Writing Thread #5080: releasing semaphore...
62155218 | Writing Thread #5080: successfully released semaphore...
62155218 | Reading Thread #3704: reading something from page #8...
62155218 | Writing Thread #8380: releasing semaphore...
62155218 | Writing Thread #8380: successfully released semaphore...
62155218 | Reading Thread #13840: reading something from page #9...
62155218 | Writing Thread #7184: releasing semaphore...
62155218 | Writing Thread #7184: successfully released semaphore...
62155218 | Reading Thread #7240: reading something from page #10...
62155218 | Writing Thread #17380: releasing semaphore...
62155218 | Writing Thread #17380: successfully released semaphore...
62155218 | Reading Thread #14916: reading something from page #11...
62155234 | Reading Thread #14500: reading something from page #12...
62155234 | Reading Thread #14884: reading something from page #13...
62155234 | Reading Thread #14224: reading something from page #14...
62155234 | Reading Thread #16916: reading something from page #15...
62155750 | Reading Thread #11920: releasing semaphore...
62155750 | Reading Thread #11920: successfully released semaphore...
62155750 | Reading Thread #17852: releasing semaphore...
62155750 | Reading Thread #17852: successfully released semaphore...
62155750 | Reading Thread #4804: releasing semaphore...
62155750 | Reading Thread #4804: successfully released semaphore...
62155750 | Reading Thread #13588: releasing semaphore...
62155750 | Reading Thread #13588: successfully released semaphore...
62155750 | Reading Thread #4328: releasing semaphore...
62155750 | Reading Thread #4328: successfully released semaphore...
62155750 | Reading Thread #12524: releasing semaphore...
62155750 | Reading Thread #12524: successfully released semaphore...
62155765 | Reading Thread #9500: releasing semaphore...
62155765 | Reading Thread #9500: successfully released semaphore...
62155765 | Reading Thread #15996: releasing semaphore...
62155765 | Reading Thread #15996: successfully released semaphore...
62155765 | Reading Thread #3704: releasing semaphore...
62155765 | Reading Thread #3704: successfully released semaphore...
62155765 | Reading Thread #13840: releasing semaphore...
62155765 | Reading Thread #13840: successfully released semaphore...
62155765 | Reading Thread #7240: releasing semaphore...
62155765 | Reading Thread #7240: successfully released semaphore...
62155765 | Reading Thread #14916: releasing semaphore...
62155765 | Reading Thread #14916: successfully released semaphore...
62155765 | Reading Thread #14500: releasing semaphore...
62155765 | Reading Thread #14500: successfully released semaphore...
62155765 | Reading Thread #14884: releasing semaphore...
62155765 | Reading Thread #14884: successfully released semaphore...
62155781 | Reading Thread #14224: releasing semaphore...
62155781 | Reading Thread #14224: successfully released semaphore...
62155781 | Reading Thread #16916: releasing semaphore...
62155781 | Reading Thread #16916: successfully released semaphore...
