24215296 | 0 writer: ready to write!
24215296 | 0 writer: waiting for writer's semaphore
24215296 | 0 writer: writing page number to page #0
24215406 | 1 writer: ready to write!
24215406 | 1 writer: waiting for writer's semaphore
24215406 | 1 writer: writing page number to page #1
24215421 | 0 reader: ready to read!
24215421 | 0 reader: waiting for read semaphore...
24215421 | 3 reader: ready to read!
24215421 | 3 reader: waiting for read semaphore...
24215421 | 4 reader: ready to read!
24215421 | 4 reader: waiting for read semaphore...
24215421 | 4 writer: ready to write!
24215421 | 4 writer: waiting for writer's semaphore
24215421 | 4 writer: writing page number to page #2
24215421 | 6 writer: ready to write!
24215421 | 6 writer: waiting for writer's semaphore
24215421 | 6 writer: writing page number to page #3
24215437 | 1 reader: ready to read!
24215437 | 1 reader: waiting for read semaphore...
24215437 | 3 writer: ready to write!
24215437 | 3 writer: waiting for writer's semaphore
24215437 | 3 writer: writing page number to page #4
24215437 | 5 reader: ready to read!
24215437 | 5 reader: waiting for read semaphore...
24215437 | 7 writer: ready to write!
24215437 | 7 writer: waiting for writer's semaphore
24215437 | 7 writer: writing page number to page #5
24215453 | 2 reader: ready to read!
24215453 | 2 reader: waiting for read semaphore...
24215468 | 10 writer: ready to write!
24215468 | 10 writer: waiting for writer's semaphore
24215468 | 10 writer: writing page number to page #8
24215468 | 2 writer: ready to write!
24215468 | 2 writer: waiting for writer's semaphore
24215468 | 2 writer: writing page number to page #6
24215468 | 5 writer: ready to write!
24215468 | 5 writer: waiting for writer's semaphore
24215468 | 5 writer: writing page number to page #7
24215500 | 6 reader: ready to read!
24215500 | 6 reader: waiting for read semaphore...
24215500 | 7 reader: ready to read!
24215500 | 7 reader: waiting for read semaphore...
24215500 | 9 writer: ready to write!
24215500 | 9 writer: waiting for writer's semaphore
24215500 | 9 writer: writing page number to page #9
24215515 | 12 reader: ready to read!
24215515 | 12 reader: waiting for read semaphore...
24215531 | 11 reader: ready to read!
24215531 | 11 reader: waiting for read semaphore...
24215531 | 8 writer: ready to write!
24215531 | 8 writer: waiting for writer's semaphore
24215531 | 8 writer: writing page number to page #10
24215546 | 11 writer: ready to write!
24215546 | 11 writer: waiting for writer's semaphore
24215546 | 11 writer: writing page number to page #12
24215546 | 12 writer: ready to write!
24215546 | 12 writer: waiting for writer's semaphore
24215546 | 12 writer: writing page number to page #11
24215546 | 14 writer: ready to write!
24215546 | 14 writer: waiting for writer's semaphore
24215546 | 14 writer: writing page number to page #13
24215546 | 9 reader: ready to read!
24215546 | 9 reader: waiting for read semaphore...
24215578 | 15 reader: ready to read!
24215578 | 15 reader: waiting for read semaphore...
24215609 | 8 reader: ready to read!
24215609 | 8 reader: waiting for read semaphore...
24215625 | 14 reader: ready to read!
24215625 | 14 reader: waiting for read semaphore...
24215640 | 16 writer: ready to write!
24215640 | 16 writer: waiting for writer's semaphore
24215640 | 16 writer: writing page number to page #14
24215656 | 13 reader: ready to read!
24215656 | 13 reader: waiting for read semaphore...
24215687 | 10 reader: ready to read!
24215687 | 10 reader: waiting for read semaphore...
24215687 | 13 writer: ready to write!
24215687 | 13 writer: waiting for writer's semaphore
24215687 | 13 writer: writing page number to page #15
24215687 | 15 writer: ready to write!
24215687 | 15 writer: waiting for writer's semaphore
24215687 | 15 writer: writing page number to page #16
24215687 | 20 reader: ready to read!
24215687 | 20 reader: waiting for read semaphore...
24215703 | 20 writer: ready to write!
24215703 | 20 writer: waiting for writer's semaphore
24215703 | 20 writer: writing page number to page #17
24215703 | 23 writer: ready to write!
24215703 | 23 writer: waiting for writer's semaphore
24215703 | 23 writer: writing page number to page #18
24215703 | 24 reader: ready to read!
24215703 | 24 reader: waiting for read semaphore...
24215703 | 34 writer: ready to write!
24215703 | 34 writer: waiting for writer's semaphore
24215703 | 34 writer: writing page number to page #19
24215703 | 37 writer: ready to write!
24215703 | 37 writer: waiting for writer's semaphore
24215718 | 22 writer: ready to write!
24215718 | 22 writer: waiting for writer's semaphore
24215718 | 25 writer: ready to write!
24215718 | 25 writer: waiting for writer's semaphore
24215718 | 31 writer: ready to write!
24215718 | 31 writer: waiting for writer's semaphore
24215718 | 33 writer: ready to write!
24215718 | 33 writer: waiting for writer's semaphore
24215718 | 36 writer: ready to write!
24215718 | 36 writer: waiting for writer's semaphore
24215734 | 19 writer: ready to write!
24215734 | 19 writer: waiting for writer's semaphore
24215734 | 21 writer: ready to write!
24215734 | 21 writer: waiting for writer's semaphore
24215734 | 24 writer: ready to write!
24215734 | 24 writer: waiting for writer's semaphore
24215734 | 27 writer: ready to write!
24215734 | 27 writer: waiting for writer's semaphore
24215734 | 30 writer: ready to write!
24215734 | 30 writer: waiting for writer's semaphore
24215734 | 35 writer: ready to write!
24215734 | 35 writer: waiting for writer's semaphore
24215734 | 39 writer: ready to write!
24215734 | 39 writer: waiting for writer's semaphore
24215750 | 17 writer: ready to write!
24215750 | 17 writer: waiting for writer's semaphore
24215750 | 26 writer: ready to write!
24215750 | 26 writer: waiting for writer's semaphore
24215750 | 28 writer: ready to write!
24215750 | 28 writer: waiting for writer's semaphore
24215750 | 32 writer: ready to write!
24215750 | 32 writer: waiting for writer's semaphore
24215750 | 38 writer: ready to write!
24215750 | 38 writer: waiting for writer's semaphore
24215765 | 17 reader: ready to read!
24215765 | 17 reader: waiting for read semaphore...
24215765 | 18 writer: ready to write!
24215765 | 18 writer: waiting for writer's semaphore
24215765 | 29 reader: ready to read!
24215765 | 29 reader: waiting for read semaphore...
24215781 | 16 reader: ready to read!
24215781 | 16 reader: waiting for read semaphore...
24215781 | 21 reader: ready to read!
24215781 | 21 reader: waiting for read semaphore...
24215781 | 23 reader: ready to read!
24215781 | 23 reader: waiting for read semaphore...
24215781 | 27 reader: ready to read!
24215781 | 27 reader: waiting for read semaphore...
24215796 | 29 writer: ready to write!
24215796 | 29 writer: waiting for writer's semaphore
24215796 | 30 reader: ready to read!
24215796 | 30 reader: waiting for read semaphore...
24215796 | 34 reader: ready to read!
24215796 | 34 reader: waiting for read semaphore...
24215796 | 38 reader: ready to read!
24215796 | 38 reader: waiting for read semaphore...
24215812 | 18 reader: ready to read!
24215812 | 18 reader: waiting for read semaphore...
24215812 | 19 reader: ready to read!
24215812 | 19 reader: waiting for read semaphore...
24215812 | 22 reader: ready to read!
24215812 | 22 reader: waiting for read semaphore...
24215812 | 25 reader: ready to read!
24215812 | 25 reader: waiting for read semaphore...
24215812 | 26 reader: ready to read!
24215812 | 26 reader: waiting for read semaphore...
24215812 | 28 reader: ready to read!
24215812 | 28 reader: waiting for read semaphore...
24215812 | 31 reader: ready to read!
24215812 | 31 reader: waiting for read semaphore...
24215812 | 32 reader: ready to read!
24215812 | 32 reader: waiting for read semaphore...
24215812 | 33 reader: ready to read!
24215812 | 33 reader: waiting for read semaphore...
24215812 | 35 reader: ready to read!
24215812 | 35 reader: waiting for read semaphore...
24215812 | 36 reader: ready to read!
24215812 | 36 reader: waiting for read semaphore...
24215812 | 37 reader: ready to read!
24215812 | 37 reader: waiting for read semaphore...
24215812 | 39 reader: ready to read!
24215812 | 39 reader: waiting for read semaphore...
24216265 | 0 writer: release reader's semaphore #0
24216265 | 0 writer: waiting for writer's semaphore
24216265 | 3 reader: reading page #0
24216375 | 1 writer: release reader's semaphore #1
24216375 | 1 writer: waiting for writer's semaphore
24216375 | 4 reader: reading page #1
24216390 | 0 reader: reading page #2
24216390 | 1 reader: reading page #3
24216390 | 4 writer: release reader's semaphore #2
24216390 | 4 writer: waiting for writer's semaphore
24216390 | 6 writer: release reader's semaphore #3
24216390 | 6 writer: waiting for writer's semaphore
24216406 | 2 reader: reading page #5
24216406 | 3 writer: release reader's semaphore #4
24216406 | 3 writer: waiting for writer's semaphore
24216406 | 5 reader: reading page #4
24216406 | 7 writer: release reader's semaphore #5
24216406 | 7 writer: waiting for writer's semaphore
24216437 | 10 writer: release reader's semaphore #8
24216437 | 10 writer: waiting for writer's semaphore
24216437 | 12 reader: reading page #8
24216437 | 2 writer: release reader's semaphore #6
24216437 | 2 writer: waiting for writer's semaphore
24216437 | 5 writer: release reader's semaphore #7
24216437 | 5 writer: waiting for writer's semaphore
24216437 | 6 reader: reading page #6
24216437 | 7 reader: reading page #7
24216468 | 11 reader: reading page #9
24216468 | 9 writer: release reader's semaphore #9
24216468 | 9 writer: waiting for writer's semaphore
24216500 | 8 writer: release reader's semaphore #10
24216500 | 8 writer: waiting for writer's semaphore
24216500 | 9 reader: reading page #10
24216515 | 11 writer: release reader's semaphore #12
24216515 | 11 writer: waiting for writer's semaphore
24216515 | 12 writer: release reader's semaphore #11
24216515 | 12 writer: waiting for writer's semaphore
24216515 | 14 reader: reading page #13
24216515 | 14 writer: release reader's semaphore #13
24216515 | 14 writer: waiting for writer's semaphore
24216515 | 15 reader: reading page #11
24216515 | 8 reader: reading page #12
24216609 | 13 reader: reading page #14
24216609 | 16 writer: release reader's semaphore #14
24216609 | 16 writer: waiting for writer's semaphore
24216656 | 10 reader: reading page #15
24216656 | 13 writer: release reader's semaphore #15
24216656 | 13 writer: waiting for writer's semaphore
24216671 | 15 writer: release reader's semaphore #16
24216671 | 15 writer: waiting for writer's semaphore
24216671 | 17 reader: reading page #18
24216671 | 20 reader: reading page #16
24216671 | 20 writer: release reader's semaphore #17
24216671 | 20 writer: waiting for writer's semaphore
24216671 | 23 writer: release reader's semaphore #18
24216671 | 23 writer: waiting for writer's semaphore
24216671 | 24 reader: reading page #17
24216687 | 29 reader: reading page #19
24216687 | 34 writer: release reader's semaphore #19
24216687 | 34 writer: waiting for writer's semaphore
24217234 | 3 reader: read the page #0. There was: 0. Release writer's semaphore
24217234 | 3 reader: waiting for read semaphore...
24217234 | 37 writer: writing page number to page #0
24217343 | 31 writer: writing page number to page #1
24217343 | 4 reader: read the page #1. There was: 1. Release writer's semaphore
24217343 | 4 reader: waiting for read semaphore...
24217359 | 0 reader: read the page #2. There was: 2. Release writer's semaphore
24217359 | 0 reader: waiting for read semaphore...
24217359 | 1 reader: read the page #3. There was: 3. Release writer's semaphore
24217359 | 1 reader: waiting for read semaphore...
24217359 | 22 writer: writing page number to page #2
24217359 | 36 writer: writing page number to page #3
24217375 | 2 reader: read the page #5. There was: 5. Release writer's semaphore
24217375 | 2 reader: waiting for read semaphore...
24217375 | 25 writer: writing page number to page #4
24217375 | 33 writer: writing page number to page #5
24217375 | 5 reader: read the page #4. There was: 4. Release writer's semaphore
24217375 | 5 reader: waiting for read semaphore...
24217406 | 12 reader: read the page #8. There was: 8. Release writer's semaphore
24217406 | 12 reader: waiting for read semaphore...
24217406 | 27 writer: writing page number to page #8
24217406 | 35 writer: writing page number to page #6
24217406 | 39 writer: writing page number to page #7
24217406 | 6 reader: read the page #6. There was: 6. Release writer's semaphore
24217406 | 6 reader: waiting for read semaphore...
24217406 | 7 reader: read the page #7. There was: 7. Release writer's semaphore
24217406 | 7 reader: waiting for read semaphore...
24217437 | 11 reader: read the page #9. There was: 9. Release writer's semaphore
24217437 | 11 reader: waiting for read semaphore...
24217437 | 30 writer: writing page number to page #9
24217468 | 21 writer: writing page number to page #10
24217468 | 9 reader: read the page #10. There was: 10. Release writer's semaphore
24217468 | 9 reader: waiting for read semaphore...
24217484 | 14 reader: read the page #13. There was: 13. Release writer's semaphore
24217484 | 14 reader: waiting for read semaphore...
24217484 | 15 reader: read the page #11. There was: 11. Release writer's semaphore
24217484 | 15 reader: waiting for read semaphore...
24217484 | 19 writer: writing page number to page #12
24217484 | 24 writer: writing page number to page #11
24217484 | 26 writer: writing page number to page #13
24217484 | 8 reader: read the page #12. There was: 12. Release writer's semaphore
24217484 | 8 reader: waiting for read semaphore...
24217578 | 13 reader: read the page #14. There was: 14. Release writer's semaphore
24217578 | 13 reader: waiting for read semaphore...
24217578 | 28 writer: writing page number to page #14
24217640 | 10 reader: read the page #15. There was: 15. Release writer's semaphore
24217640 | 10 reader: waiting for read semaphore...
24217640 | 17 reader: read the page #18. There was: 18. Release writer's semaphore
24217640 | 17 reader: waiting for read semaphore...
24217640 | 17 writer: writing page number to page #17
24217640 | 18 writer: writing page number to page #18
24217640 | 20 reader: read the page #16. There was: 16. Release writer's semaphore
24217640 | 20 reader: waiting for read semaphore...
24217640 | 24 reader: read the page #17. There was: 17. Release writer's semaphore
24217640 | 24 reader: waiting for read semaphore...
24217640 | 32 writer: writing page number to page #15
24217640 | 38 writer: writing page number to page #16
24217656 | 29 reader: read the page #19. There was: 19. Release writer's semaphore
24217656 | 29 reader: waiting for read semaphore...
24217656 | 29 writer: writing page number to page #19
24218203 | 16 reader: reading page #0
24218203 | 37 writer: release reader's semaphore #0
24218203 | 37 writer: waiting for writer's semaphore
24218328 | 21 reader: reading page #2
24218328 | 22 writer: release reader's semaphore #2
24218328 | 22 writer: waiting for writer's semaphore
24218328 | 23 reader: reading page #3
24218328 | 27 reader: reading page #1
24218328 | 31 writer: release reader's semaphore #1
24218328 | 31 writer: waiting for writer's semaphore
24218328 | 36 writer: release reader's semaphore #3
24218328 | 36 writer: waiting for writer's semaphore
24218343 | 25 writer: release reader's semaphore #4
24218343 | 25 writer: waiting for writer's semaphore
24218343 | 30 reader: reading page #4
24218343 | 33 writer: release reader's semaphore #5
24218343 | 33 writer: waiting for writer's semaphore
24218343 | 34 reader: reading page #5
24218375 | 19 reader: reading page #7
24218375 | 27 writer: release reader's semaphore #8
24218375 | 27 writer: waiting for writer's semaphore
24218375 | 35 writer: release reader's semaphore #6
24218375 | 35 writer: waiting for writer's semaphore
24218375 | 38 reader: reading page #6
24218375 | 39 reader: reading page #8
24218375 | 39 writer: release reader's semaphore #7
24218375 | 39 writer: waiting for writer's semaphore
24218406 | 26 reader: reading page #9
24218406 | 30 writer: release reader's semaphore #9
24218406 | 30 writer: waiting for writer's semaphore
24218437 | 21 writer: release reader's semaphore #10
24218437 | 21 writer: waiting for writer's semaphore
24218437 | 35 reader: reading page #10
24218453 | 19 writer: release reader's semaphore #12
24218453 | 19 writer: waiting for writer's semaphore
24218453 | 24 writer: release reader's semaphore #11
24218453 | 24 writer: waiting for writer's semaphore
24218453 | 26 writer: release reader's semaphore #13
24218453 | 26 writer: waiting for writer's semaphore
24218453 | 28 reader: reading page #12
24218453 | 32 reader: reading page #11
24218453 | 33 reader: reading page #13
24218546 | 28 writer: release reader's semaphore #14
24218546 | 28 writer: waiting for writer's semaphore
24218546 | 31 reader: reading page #14
24218609 | 17 writer: release reader's semaphore #17
24218609 | 17 writer: waiting for writer's semaphore
24218609 | 18 reader: reading page #17
24218609 | 25 reader: reading page #16
24218609 | 32 writer: release reader's semaphore #15
24218609 | 32 writer: waiting for writer's semaphore
24218609 | 37 reader: reading page #15
24218609 | 38 writer: release reader's semaphore #16
24218609 | 38 writer: waiting for writer's semaphore
24218625 | 18 writer: release reader's semaphore #18
24218625 | 18 writer: waiting for writer's semaphore
24218625 | 22 reader: reading page #19
24218625 | 29 writer: release reader's semaphore #19
24218625 | 29 writer: waiting for writer's semaphore
24218625 | 36 reader: reading page #18
24219171 | 0 writer: writing page number to page #0
24219171 | 16 reader: read the page #0. There was: 0. Release writer's semaphore
24219171 | 16 reader: waiting for read semaphore...
24219296 | 1 writer: writing page number to page #1
24219296 | 21 reader: read the page #2. There was: 2. Release writer's semaphore
24219296 | 21 reader: waiting for read semaphore...
24219296 | 27 reader: read the page #1. There was: 1. Release writer's semaphore
24219296 | 27 reader: waiting for read semaphore...
24219296 | 4 writer: writing page number to page #2
24219312 | 23 reader: read the page #3. There was: 3. Release writer's semaphore
24219312 | 23 reader: waiting for read semaphore...
24219312 | 3 writer: writing page number to page #4
24219312 | 30 reader: read the page #4. There was: 4. Release writer's semaphore
24219312 | 30 reader: waiting for read semaphore...
24219312 | 34 reader: read the page #5. There was: 5. Release writer's semaphore
24219312 | 34 reader: waiting for read semaphore...
24219312 | 6 writer: writing page number to page #3
24219312 | 7 writer: writing page number to page #5
24219343 | 10 writer: writing page number to page #7
24219343 | 19 reader: read the page #7. There was: 7. Release writer's semaphore
24219343 | 19 reader: waiting for read semaphore...
24219343 | 2 writer: writing page number to page #6
24219343 | 38 reader: read the page #6. There was: 6. Release writer's semaphore
24219343 | 38 reader: waiting for read semaphore...
24219343 | 39 reader: read the page #8. There was: 8. Release writer's semaphore
24219343 | 39 reader: waiting for read semaphore...
24219343 | 5 writer: writing page number to page #8
24219375 | 26 reader: read the page #9. There was: 9. Release writer's semaphore
24219375 | 26 reader: waiting for read semaphore...
24219375 | 9 writer: writing page number to page #9
24219406 | 35 reader: read the page #10. There was: 10. Release writer's semaphore
24219406 | 35 reader: waiting for read semaphore...
24219406 | 8 writer: writing page number to page #10
24219421 | 11 writer: writing page number to page #12
24219421 | 12 writer: writing page number to page #11
24219421 | 14 writer: writing page number to page #13
24219421 | 28 reader: read the page #12. There was: 12. Release writer's semaphore
24219421 | 28 reader: waiting for read semaphore...
24219421 | 32 reader: read the page #11. There was: 11. Release writer's semaphore
24219421 | 32 reader: waiting for read semaphore...
24219421 | 33 reader: read the page #13. There was: 13. Release writer's semaphore
24219421 | 33 reader: waiting for read semaphore...
24219515 | 16 writer: writing page number to page #14
24219515 | 31 reader: read the page #14. There was: 14. Release writer's semaphore
24219515 | 31 reader: waiting for read semaphore...
24219578 | 13 writer: writing page number to page #15
24219578 | 15 writer: writing page number to page #16
24219578 | 18 reader: read the page #17. There was: 17. Release writer's semaphore
24219578 | 18 reader: waiting for read semaphore...
24219578 | 20 writer: writing page number to page #17
24219578 | 25 reader: read the page #16. There was: 16. Release writer's semaphore
24219578 | 25 reader: waiting for read semaphore...
24219578 | 37 reader: read the page #15. There was: 15. Release writer's semaphore
24219578 | 37 reader: waiting for read semaphore...
24219593 | 22 reader: read the page #19. There was: 19. Release writer's semaphore
24219593 | 22 reader: waiting for read semaphore...
24219593 | 23 writer: writing page number to page #18
24219593 | 34 writer: writing page number to page #19
24219593 | 36 reader: read the page #18. There was: 18. Release writer's semaphore
24219593 | 36 reader: waiting for read semaphore...
24220437 | 0 writer: release reader's semaphore #0
24220437 | 3 reader: reading page #0
24220546 | 0 writer: going down...
24220562 | 1 writer: release reader's semaphore #1
24220562 | 4 reader: reading page #1
24220578 | 0 reader: reading page #2
24220578 | 1 reader: reading page #3
24220578 | 4 writer: release reader's semaphore #2
24220578 | 6 writer: release reader's semaphore #3
24220593 | 12 reader: reading page #17
24220593 | 13 writer: release reader's semaphore #15
24220593 | 15 writer: release reader's semaphore #16
24220593 | 2 reader: reading page #15
24220593 | 20 writer: release reader's semaphore #17
24220593 | 3 writer: release reader's semaphore #4
24220593 | 5 reader: reading page #4
24220593 | 6 reader: reading page #16
24220593 | 7 reader: reading page #5
24220593 | 7 writer: release reader's semaphore #5
24220609 | 11 reader: reading page #18
24220609 | 23 writer: release reader's semaphore #18
24220609 | 34 writer: release reader's semaphore #19
24220609 | 9 reader: reading page #19
24220625 | 10 writer: release reader's semaphore #7
24220625 | 14 reader: reading page #8
24220625 | 15 reader: reading page #6
24220625 | 2 writer: release reader's semaphore #6
24220625 | 5 writer: release reader's semaphore #8
24220625 | 8 reader: reading page #7
24220656 | 13 reader: reading page #9
24220656 | 9 writer: release reader's semaphore #9
24220671 | 1 writer: going down...
24220671 | 4 writer: going down...
24220687 | 10 reader: reading page #10
24220687 | 13 writer: going down...
24220687 | 15 writer: going down...
24220687 | 3 writer: going down...
24220687 | 6 writer: going down...
24220687 | 7 writer: going down...
24220687 | 8 writer: release reader's semaphore #10
24220703 | 11 writer: release reader's semaphore #12
24220703 | 12 writer: release reader's semaphore #11
24220703 | 14 writer: release reader's semaphore #13
24220703 | 17 reader: reading page #13
24220703 | 20 reader: reading page #11
24220703 | 20 writer: going down...
24220703 | 23 writer: going down...
24220703 | 24 reader: reading page #12
24220703 | 34 writer: going down...
24220718 | 10 writer: going down...
24220718 | 2 writer: going down...
24220765 | 9 writer: going down...
24220781 | 8 writer: going down...
24220796 | 11 writer: going down...
24220796 | 12 writer: going down...
24220796 | 16 writer: release reader's semaphore #14
24220796 | 29 reader: reading page #14
24220812 | 14 writer: going down...
24220890 | 16 writer: going down...
24221703 | 10 reader: read the page #10. There was: 10. Release writer's semaphore
24221703 | 37 writer: writing page number to page #10
24221718 | 17 reader: read the page #13. There was: 13. Release writer's semaphore
24221718 | 20 reader: read the page #11. There was: 11. Release writer's semaphore
24221718 | 22 writer: writing page number to page #12
24221718 | 24 reader: read the page #12. There was: 12. Release writer's semaphore
24221718 | 25 writer: writing page number to page #0
24221718 | 3 reader: read the page #0. There was: 0. Release writer's semaphore
24221718 | 31 writer: writing page number to page #11
24221718 | 36 writer: writing page number to page #13
24221796 | 10 reader: going down...
24221812 | 17 reader: going down...
24221812 | 20 reader: going down...
24221812 | 24 reader: going down...
24221812 | 29 reader: read the page #14. There was: 14. Release writer's semaphore
24221812 | 33 writer: writing page number to page #14
24221828 | 3 reader: going down...
24221843 | 35 writer: writing page number to page #1
24221843 | 4 reader: read the page #1. There was: 1. Release writer's semaphore
24221859 | 0 reader: read the page #2. There was: 2. Release writer's semaphore
24221859 | 1 reader: read the page #3. There was: 3. Release writer's semaphore
24221859 | 2 reader: read the page #15. There was: 15. Release writer's semaphore
24221859 | 21 writer: writing page number to page #15
24221859 | 24 writer: writing page number to page #16
24221859 | 27 writer: writing page number to page #3
24221859 | 30 writer: writing page number to page #4
24221859 | 39 writer: writing page number to page #2
24221859 | 5 reader: read the page #4. There was: 4. Release writer's semaphore
24221859 | 6 reader: read the page #16. There was: 16. Release writer's semaphore
24221875 | 11 reader: read the page #18. There was: 18. Release writer's semaphore
24221875 | 12 reader: read the page #17. There was: 17. Release writer's semaphore
24221875 | 19 writer: writing page number to page #5
24221875 | 26 writer: writing page number to page #17
24221875 | 28 writer: writing page number to page #18
24221875 | 32 writer: writing page number to page #19
24221875 | 7 reader: read the page #5. There was: 5. Release writer's semaphore
24221875 | 9 reader: read the page #19. There was: 19. Release writer's semaphore
24221906 | 14 reader: read the page #8. There was: 8. Release writer's semaphore
24221906 | 15 reader: read the page #6. There was: 6. Release writer's semaphore
24221906 | 17 writer: writing page number to page #7
24221906 | 18 writer: writing page number to page #8
24221906 | 29 reader: going down...
24221906 | 38 writer: writing page number to page #6
24221906 | 8 reader: read the page #7. There was: 7. Release writer's semaphore
24221937 | 13 reader: read the page #9. There was: 9. Release writer's semaphore
24221937 | 29 writer: writing page number to page #9
24221953 | 0 reader: going down...
24221953 | 1 reader: going down...
24221953 | 4 reader: going down...
24221968 | 12 reader: going down...
24221968 | 5 reader: going down...
24221968 | 6 reader: going down...
24221968 | 7 reader: going down...
24221984 | 11 reader: going down...
24221984 | 9 reader: going down...
24222000 | 14 reader: going down...
24222000 | 15 reader: going down...
24222031 | 13 reader: going down...
24222703 | 16 reader: reading page #10
24222703 | 37 writer: release reader's semaphore #10
24222718 | 27 reader: reading page #11
24222718 | 31 writer: release reader's semaphore #11
24222734 | 21 reader: reading page #12
24222734 | 22 writer: release reader's semaphore #12
24222734 | 23 reader: reading page #13
24222734 | 25 writer: release reader's semaphore #0
24222734 | 30 reader: reading page #0
24222734 | 36 writer: release reader's semaphore #13
24222812 | 37 writer: going down...
24222828 | 22 writer: going down...
24222828 | 25 writer: going down...
24222828 | 31 writer: going down...
24222828 | 33 writer: release reader's semaphore #14
24222828 | 34 reader: reading page #14
24222828 | 36 writer: going down...
24222859 | 35 writer: release reader's semaphore #1
24222859 | 38 reader: reading page #1
24222859 | 39 reader: reading page #2
24222859 | 39 writer: release reader's semaphore #2
24222875 | 19 reader: reading page #3
24222875 | 21 writer: release reader's semaphore #15
24222875 | 24 writer: release reader's semaphore #16
24222875 | 26 reader: reading page #4
24222875 | 27 writer: release reader's semaphore #3
24222875 | 30 writer: release reader's semaphore #4
24222875 | 32 reader: reading page #16
24222875 | 35 reader: reading page #15
24222890 | 19 writer: release reader's semaphore #5
24222890 | 26 writer: release reader's semaphore #17
24222890 | 28 reader: reading page #5
24222890 | 28 writer: release reader's semaphore #18
24222890 | 31 reader: reading page #18
24222890 | 32 writer: release reader's semaphore #19
24222890 | 33 reader: reading page #17
24222890 | 37 reader: reading page #19
24222906 | 17 writer: release reader's semaphore #7
24222906 | 18 reader: reading page #7
24222906 | 18 writer: release reader's semaphore #8
24222906 | 25 reader: reading page #6
24222906 | 36 reader: reading page #8
24222906 | 38 writer: release reader's semaphore #6
24222921 | 33 writer: going down...
24222953 | 22 reader: reading page #9
24222953 | 29 writer: release reader's semaphore #9
24222953 | 35 writer: going down...
24222968 | 27 writer: going down...
24222968 | 39 writer: going down...
24222984 | 19 writer: going down...
24222984 | 24 writer: going down...
24222984 | 26 writer: going down...
24222984 | 30 writer: going down...
24223000 | 28 writer: going down...
24223000 | 32 writer: going down...
24223015 | 17 writer: going down...
24223015 | 18 writer: going down...
24223015 | 38 writer: going down...
24223046 | 29 writer: going down...
24223718 | 16 reader: read the page #10. There was: 10. Release writer's semaphore
24223734 | 27 reader: read the page #11. There was: 11. Release writer's semaphore
24223750 | 21 reader: read the page #12. There was: 12. Release writer's semaphore
24223750 | 23 reader: read the page #13. There was: 13. Release writer's semaphore
24223750 | 30 reader: read the page #0. There was: 0. Release writer's semaphore
24223828 | 16 reader: going down...
24223828 | 34 reader: read the page #14. There was: 14. Release writer's semaphore
24223843 | 21 reader: going down...
24223843 | 23 reader: going down...
24223843 | 27 reader: going down...
24223843 | 30 reader: going down...
24223875 | 38 reader: read the page #1. There was: 1. Release writer's semaphore
24223875 | 39 reader: read the page #2. There was: 2. Release writer's semaphore
24223890 | 19 reader: read the page #3. There was: 3. Release writer's semaphore
24223890 | 26 reader: read the page #4. There was: 4. Release writer's semaphore
24223890 | 28 reader: read the page #5. There was: 5. Release writer's semaphore
24223890 | 32 reader: read the page #16. There was: 16. Release writer's semaphore
24223890 | 35 reader: read the page #15. There was: 15. Release writer's semaphore
24223906 | 31 reader: read the page #18. There was: 18. Release writer's semaphore
24223906 | 33 reader: read the page #17. There was: 17. Release writer's semaphore
24223906 | 37 reader: read the page #19. There was: 19. Release writer's semaphore
24223921 | 18 reader: read the page #7. There was: 7. Release writer's semaphore
24223921 | 25 reader: read the page #6. There was: 6. Release writer's semaphore
24223921 | 36 reader: read the page #8. There was: 8. Release writer's semaphore
24223937 | 34 reader: going down...
24223968 | 22 reader: read the page #9. There was: 9. Release writer's semaphore
24223968 | 38 reader: going down...
24223984 | 19 reader: going down...
24223984 | 39 reader: going down...
24224000 | 26 reader: going down...
24224000 | 28 reader: going down...
24224000 | 31 reader: going down...
24224000 | 32 reader: going down...
24224000 | 33 reader: going down...
24224000 | 35 reader: going down...
24224015 | 37 reader: going down...
24224031 | 18 reader: going down...
24224031 | 25 reader: going down...
24224031 | 36 reader: going down...
24224062 | 22 reader: going down...
