24215296 | 0: writing in
24215406 | 1: writing in
24215421 | 2: writing in
24215421 | 3: writing in
24215437 | 4: writing in
24215437 | 5: writing in
24215468 | 6: writing in
24215468 | 7: writing in
24215468 | 8: writing in
24215500 | 9: writing in
24215531 | 10: writing in
24215546 | 11: writing in
24215546 | 12: writing in
24215546 | 13: writing in
24215640 | 14: writing in
24215687 | 15: writing in
24215687 | 16: writing in
24215703 | 17: writing in
24215703 | 18: writing in
24215703 | 19: writing in
24216265 | 0: free
24216265 | 0: is being read
24216375 | 1: free
24216375 | 1: is being read
24216390 | 2: free
24216390 | 2: is being read
24216390 | 3: free
24216390 | 3: is being read
24216406 | 4: free
24216406 | 4: is being read
24216406 | 5: free
24216406 | 5: is being read
24216437 | 6: free
24216437 | 7: free
24216437 | 6: is being read
24216437 | 7: is being read
24216437 | 8: free
24216437 | 8: is being read
24216468 | 9: free
24216468 | 9: is being read
24216500 | 10: free
24216500 | 10: is being read
24216515 | 11: free
24216515 | 11: is being read
24216515 | 12: free
24216515 | 12: is being read
24216515 | 13: free
24216515 | 13: is being read
24216609 | 14: free
24216609 | 14: is being read
24216656 | 15: free
24216656 | 15: is being read
24216671 | 16: free
24216671 | 16: is being read
24216671 | 17: free
24216671 | 17: is being read
24216671 | 18: free
24216671 | 18: is being read
24216687 | 19: free
24216687 | 19: is being read
24217234 | 0: free
24217234 | 0: writing in
24217343 | 1: free
24217343 | 1: writing in
24217359 | 2: free
24217359 | 2: writing in
24217359 | 3: free
24217359 | 3: writing in
24217375 | 4: free
24217375 | 4: writing in
24217375 | 5: free
24217375 | 5: writing in
24217406 | 6: free
24217406 | 6: writing in
24217406 | 7: free
24217406 | 7: writing in
24217406 | 8: writing in
24217437 | 9: free
24217437 | 9: writing in
24217468 | 10: free
24217468 | 10: writing in
24217484 | 11: free
24217484 | 11: writing in
24217484 | 12: free
24217484 | 12: writing in
24217484 | 13: free
24217484 | 13: writing in
24217578 | 14: free
24217578 | 14: writing in
24217640 | 15: free
24217640 | 15: writing in
24217640 | 16: free
24217640 | 16: writing in
24217640 | 17: free
24217640 | 17: writing in
24217640 | 18: free
24217640 | 18: writing in
24217656 | 19: free
24217656 | 19: writing in
24218203 | 0: free
24218203 | 0: is being read
24218328 | 1: free
24218328 | 1: is being read
24218328 | 2: free
24218328 | 2: is being read
24218328 | 3: free
24218328 | 3: is being read
24218343 | 4: free
24218343 | 4: is being read
24218343 | 5: free
24218343 | 5: is being read
24218375 | 6: free
24218375 | 6: is being read
24218375 | 7: free
24218375 | 8: free
ng read
24218375 | 8: is being read
24218406 | 9: free
24218406 | 9: is being read
24218437 | 10: free
24218437 | 10: is being read
24218453 | 11: free
24218453 | 11: is being read
24218453 | 13: free
24218453 | 12: free
24218453 | 13: is being read
24218453 | 12: is being read
24218546 | 14: free
24218546 | 14: is being read
24218609 | 15: free
24218609 | 15: is being read
24218609 | 16: free
24218609 | 16: is being read
24218609 | 17: free
24218609 | 17: is being read
24218625 | 18: free
24218625 | 18: is being read
24218625 | 19: free
24218625 | 19: is being read
24219171 | 0: free
24219171 | 0: writing in
24219296 | 1: free
24219296 | 1: writing in
24219296 | 2: free
24219296 | 2: writing in
24219312 | 3: free
24219312 | 3: writing in
24219312 | 4: free
24219312 | 4: writing in
24219312 | 5: free
24219312 | 5: writing in
24219343 | 6: free
24219343 | 6: writing in
24219343 | 8: free
24219343 | 7: free
g in
24219343 | 7: writing in
24219375 | 9: free
24219375 | 9: writing in
24219406 | 10: free
24219406 | 10: writing in
24219421 | 11: free
24219421 | 11: writing in
24219421 | 12: free
24219421 | 12: writing in
24219421 | 13: writing in
24219515 | 14: free
24219515 | 14: writing in
24219578 | 15: free
24219578 | 15: writing in
24219578 | 16: free
24219578 | 16: writing in
24219578 | 17: free
24219578 | 17: writing in
24219593 | 18: free
24219593 | 18: writing in
24219593 | 19: free
24219593 | 19: writing in
24220437 | 0: free
24220437 | 0: is being read
24220562 | 1: free
24220562 | 1: is being read
24220578 | 2: free
24220578 | 2: is being read
24220578 | 3: free
24220578 | 3: is being read
24220593 | 4: free
24220593 | 15: free
24220593 | 4: is being read
24220593 | 15: is being read
24220593 | 16: free
24220593 | 16: is being read
24220593 | 5: free
24220593 | 5: is being read
24220593 | 17: free
24220593 | 17: is being read
24220609 | 18: free
24220609 | 18: is being read
24220609 | 19: free
24220609 | 19: is being read
24220625 | 6: free
24220625 | 6: is being read
24220625 | 7: free
24220625 | 7: is being read
24220625 | 8: is being read
24220656 | 9: free
24220656 | 9: is being read
24220687 | 10: free
24220687 | 10: is being read
24220703 | 11: free
24220703 | 11: is being read
24220703 | 12: free
24220703 | 12: is being read
24220703 | 13: free
24220703 | 13: is being read
24220796 | 14: free
24220796 | 14: is being read
24221703 | 10: free
24221703 | 10: writing in
24221718 | 11: free
24221718 | 11: writing in
24221718 | 12: free
24221718 | 12: writing in
24221718 | 13: free
24221718 | 13: writing in
24221718 | 0: free
24221718 | 0: writing in
24221812 | 14: free
24221812 | 14: writing in
24221843 | 1: free
24221843 | 1: writing in
24221859 | 2: free
24221859 | 2: writing in
24221859 | 3: free
24221859 | 3: writing in
24221859 | 4: free
24221859 | 4: writing in
24221859 | 15: writing in
24221859 | 16: free
24221859 | 16: writing in
24221875 | 5: free
24221875 | 5: writing in
24221875 | 17: free
24221875 | 17: writing in
24221875 | 18: free
24221875 | 18: writing in
24221875 | 19: free
24221875 | 19: writing in
24221906 | 6: free
24221906 | 6: writing in
24221906 | 7: free
24221906 | 8: free
24221906 | 7: writing in
24221906 | 8: writing in
24221937 | 9: free
24221937 | 9: writing in
24222703 | 10: free
24222703 | 10: is being read
24222718 | 11: free
24222718 | 11: is being read
24222734 | 12: free
24222734 | 12: is being read
24222734 | 13: free
24222734 | 13: is being read
24222734 | 0: free
24222734 | 0: is being read
24222828 | 14: free
24222828 | 14: is being read
24222859 | 1: free
24222859 | 1: is being read
24222859 | 2: free
24222859 | 2: is being read
24222875 | 3: free
24222875 | 3: is being read
24222875 | 4: free
24222875 | 4: is being read
24222875 | 15: free
24222875 | 15: is being read
24222875 | 16: free
24222875 | 16: is being read
24222890 | 5: free
24222890 | 5: is being read
24222890 | 17: free
24222890 | 17: is being read
24222890 | 18: free
24222890 | 18: is being read
24222890 | 19: free
24222890 | 19: is being read
24222906 | 6: free
24222906 | 6: is being read
24222906 | 7: free
24222906 | 8: free
ng read
24222906 | 8: is being read
24222953 | 9: free
24222953 | 9: is being read
24223718 | 10: free
24223734 | 11: free
24223750 | 12: free
24223750 | 13: free
24223750 | 0: free
24223828 | 14: free
24223875 | 1: free
24223875 | 2: free
24223890 | 3: free
24223890 | 15: free
24223890 | 4: free
24223890 | 16: free
24223890 | 5: free
24223906 | 17: free
24223906 | 18: free
24223906 | 19: free
24223921 | 6: free
24223921 | 7: free
24223921 | 8: free
24223968 | 9: free
