29640640 | 2 reader: ready to read!
29640640 | 2 reader: waiting for read semaphore...
29640656 | 4 reader: ready to read!
29640656 | 4 reader: waiting for read semaphore...
29640687 | 3 reader: ready to read!
29640687 | 3 reader: waiting for read semaphore...
29640734 | 5 reader: ready to read!
29640734 | 5 reader: waiting for read semaphore...
29640734 | 0 reader: ready to read!
29640734 | 0 reader: waiting for read semaphore...
29640750 | 1 reader: ready to read!
29640750 | 1 reader: waiting for read semaphore...
29640765 | 6 reader: ready to read!
29640765 | 6 reader: waiting for read semaphore...
29640765 | 7 reader: ready to read!
29640765 | 7 reader: waiting for read semaphore...
29640781 | 13 reader: ready to read!
29640781 | 13 reader: waiting for read semaphore...
29640796 | 9 reader: ready to read!
29640796 | 9 reader: waiting for read semaphore...
29640796 | 10 reader: ready to read!
29640796 | 10 reader: waiting for read semaphore...
29640796 | 12 reader: ready to read!
29640796 | 12 reader: waiting for read semaphore...
29640812 | 11 reader: ready to read!
29640812 | 11 reader: waiting for read semaphore...
29640812 | 16 reader: ready to read!
29640812 | 16 reader: waiting for read semaphore...
29640828 | 18 reader: ready to read!
29640828 | 18 reader: waiting for read semaphore...
29640828 | 17 reader: ready to read!
29640828 | 17 reader: waiting for read semaphore...
29640828 | 31 reader: ready to read!
29640828 | 31 reader: waiting for read semaphore...
29640843 | 37 reader: ready to read!
29640843 | 37 reader: waiting for read semaphore...
29640843 | 32 reader: ready to read!
29640843 | 32 reader: waiting for read semaphore...
29640859 | 33 reader: ready to read!
29640859 | 33 reader: waiting for read semaphore...
29640859 | 30 reader: ready to read!
29640859 | 30 reader: waiting for read semaphore...
29640859 | 15 reader: ready to read!
29640859 | 15 reader: waiting for read semaphore...
29640875 | 29 reader: ready to read!
29640875 | 29 reader: waiting for read semaphore...
29640890 | 28 reader: ready to read!
29640890 | 28 reader: waiting for read semaphore...
29640890 | 27 reader: ready to read!
29640890 | 27 reader: waiting for read semaphore...
29640890 | 34 reader: ready to read!
29640890 | 34 reader: waiting for read semaphore...
29640890 | 19 reader: ready to read!
29640890 | 19 reader: waiting for read semaphore...
29640906 | 23 reader: ready to read!
29640906 | 23 reader: waiting for read semaphore...
29640906 | 39 reader: ready to read!
29640906 | 39 reader: waiting for read semaphore...
29640906 | 35 reader: ready to read!
29640906 | 35 reader: waiting for read semaphore...
29640906 | 20 reader: ready to read!
29640906 | 20 reader: waiting for read semaphore...
29640921 | 38 reader: ready to read!
29640921 | 38 reader: waiting for read semaphore...
29640921 | 25 reader: ready to read!
29640921 | 25 reader: waiting for read semaphore...
29640921 | 8 reader: ready to read!
29640921 | 8 reader: waiting for read semaphore...
29640937 | 24 reader: ready to read!
29640937 | 24 reader: waiting for read semaphore...
29640937 | 22 reader: ready to read!
29640937 | 22 reader: waiting for read semaphore...
29640937 | 21 reader: ready to read!
29640937 | 21 reader: waiting for read semaphore...
29640953 | 14 reader: ready to read!
29640953 | 14 reader: waiting for read semaphore...
29640953 | 26 reader: ready to read!
29640953 | 36 reader: ready to read!
29640953 | 26 reader: waiting for read semaphore...
29640953 | 36 reader: waiting for read semaphore...
29641171 | 2 reader: reading page #0
29641312 | 4 reader: reading page #1
29641312 | 3 reader: reading page #2
29641375 | 5 reader: reading page #3
29641406 | 0 reader: reading page #4
29641421 | 1 reader: reading page #5
29641421 | 6 reader: reading page #6
29641437 | 7 reader: reading page #7
29641453 | 13 reader: reading page #8
29641453 | 9 reader: reading page #9
29641468 | 10 reader: reading page #10
29641484 | 12 reader: reading page #11
29641484 | 11 reader: reading page #12
29641484 | 16 reader: reading page #13
29641500 | 18 reader: reading page #14
29641500 | 17 reader: reading page #15
29641500 | 31 reader: reading page #16
29641500 | 37 reader: reading page #17
29641500 | 32 reader: reading page #18
29641515 | 33 reader: reading page #19
29641828 | 2 reader: read the page #0. There was: 0. Release writer's semaphore
29641828 | 2 reader: waiting for read semaphore...
29641968 | 4 reader: read the page #1. There was: 1. Release writer's semaphore
29641968 | 4 reader: waiting for read semaphore...
29641984 | 3 reader: read the page #2. There was: 2. Release writer's semaphore
29641984 | 3 reader: waiting for read semaphore...
29642046 | 5 reader: read the page #3. There was: 3. Release writer's semaphore
29642046 | 5 reader: waiting for read semaphore...
29642078 | 0 reader: read the page #4. There was: 4. Release writer's semaphore
29642078 | 0 reader: waiting for read semaphore...
29642093 | 1 reader: read the page #5. There was: 5. Release writer's semaphore
29642093 | 1 reader: waiting for read semaphore...
29642093 | 6 reader: read the page #6. There was: 6. Release writer's semaphore
29642093 | 6 reader: waiting for read semaphore...
29642109 | 7 reader: read the page #7. There was: 7. Release writer's semaphore
29642109 | 7 reader: waiting for read semaphore...
29642125 | 13 reader: read the page #8. There was: 8. Release writer's semaphore
29642125 | 13 reader: waiting for read semaphore...
29642125 | 9 reader: read the page #9. There was: 9. Release writer's semaphore
29642125 | 9 reader: waiting for read semaphore...
29642140 | 10 reader: read the page #10. There was: 10. Release writer's semaphore
29642140 | 10 reader: waiting for read semaphore...
29642140 | 12 reader: read the page #11. There was: 11. Release writer's semaphore
29642140 | 12 reader: waiting for read semaphore...
29642156 | 11 reader: read the page #12. There was: 12. Release writer's semaphore
29642156 | 11 reader: waiting for read semaphore...
29642156 | 16 reader: read the page #13. There was: 13. Release writer's semaphore
29642156 | 16 reader: waiting for read semaphore...
29642156 | 18 reader: read the page #14. There was: 14. Release writer's semaphore
29642156 | 18 reader: waiting for read semaphore...
29642171 | 17 reader: read the page #15. There was: 15. Release writer's semaphore
29642171 | 17 reader: waiting for read semaphore...
29642171 | 31 reader: read the page #16. There was: 16. Release writer's semaphore
29642171 | 31 reader: waiting for read semaphore...
29642171 | 37 reader: read the page #17. There was: 17. Release writer's semaphore
29642171 | 37 reader: waiting for read semaphore...
29642171 | 32 reader: read the page #18. There was: 18. Release writer's semaphore
29642171 | 32 reader: waiting for read semaphore...
29642187 | 33 reader: read the page #19. There was: 19. Release writer's semaphore
29642187 | 33 reader: waiting for read semaphore...
29642500 | 30 reader: reading page #0
29642640 | 15 reader: reading page #1
29642656 | 29 reader: reading page #2
29642703 | 28 reader: reading page #3
29642734 | 27 reader: reading page #4
29642765 | 34 reader: reading page #5
29642765 | 19 reader: reading page #6
29642781 | 23 reader: reading page #7
29642781 | 39 reader: reading page #8
29642796 | 35 reader: reading page #9
29642796 | 20 reader: reading page #10
29642812 | 38 reader: reading page #11
29642812 | 25 reader: reading page #12
29642828 | 8 reader: reading page #13
29642828 | 24 reader: reading page #14
29642828 | 22 reader: reading page #15
29642843 | 21 reader: reading page #16
29642843 | 14 reader: reading page #17
29642843 | 26 reader: reading page #18
29642843 | 36 reader: reading page #19
29643171 | 30 reader: read the page #0. There was: 0. Release writer's semaphore
29643171 | 30 reader: waiting for read semaphore...
29643312 | 15 reader: read the page #1. There was: 1. Release writer's semaphore
29643312 | 15 reader: waiting for read semaphore...
29643312 | 29 reader: read the page #2. There was: 2. Release writer's semaphore
29643312 | 29 reader: waiting for read semaphore...
29643375 | 28 reader: read the page #3. There was: 3. Release writer's semaphore
29643375 | 28 reader: waiting for read semaphore...
29643406 | 27 reader: read the page #4. There was: 4. Release writer's semaphore
29643406 | 27 reader: waiting for read semaphore...
29643421 | 34 reader: read the page #5. There was: 5. Release writer's semaphore
29643421 | 34 reader: waiting for read semaphore...
29643437 | 19 reader: read the page #6. There was: 6. Release writer's semaphore
29643437 | 19 reader: waiting for read semaphore...
29643437 | 23 reader: read the page #7. There was: 7. Release writer's semaphore
29643437 | 23 reader: waiting for read semaphore...
29643453 | 39 reader: read the page #8. There was: 8. Release writer's semaphore
29643453 | 39 reader: waiting for read semaphore...
29643453 | 35 reader: read the page #9. There was: 9. Release writer's semaphore
29643453 | 35 reader: waiting for read semaphore...
29643468 | 20 reader: read the page #10. There was: 10. Release writer's semaphore
29643468 | 20 reader: waiting for read semaphore...
29643484 | 38 reader: read the page #11. There was: 11. Release writer's semaphore
29643484 | 38 reader: waiting for read semaphore...
29643484 | 25 reader: read the page #12. There was: 12. Release writer's semaphore
29643484 | 25 reader: waiting for read semaphore...
29643500 | 8 reader: read the page #13. There was: 13. Release writer's semaphore
29643500 | 8 reader: waiting for read semaphore...
29643500 | 24 reader: read the page #14. There was: 14. Release writer's semaphore
29643500 | 24 reader: waiting for read semaphore...
29643500 | 22 reader: read the page #15. There was: 15. Release writer's semaphore
29643500 | 22 reader: waiting for read semaphore...
29643500 | 21 reader: read the page #16. There was: 16. Release writer's semaphore
29643500 | 21 reader: waiting for read semaphore...
29643515 | 14 reader: read the page #17. There was: 17. Release writer's semaphore
29643515 | 14 reader: waiting for read semaphore...
29643515 | 26 reader: read the page #18. There was: 18. Release writer's semaphore
29643515 | 26 reader: waiting for read semaphore...
29643515 | 36 reader: read the page #19. There was: 19. Release writer's semaphore
29643515 | 36 reader: waiting for read semaphore...
29644265 | 2 reader: reading page #0
29644406 | 4 reader: reading page #1
29644406 | 3 reader: reading page #2
29644468 | 5 reader: reading page #3
29644500 | 0 reader: reading page #4
29644515 | 1 reader: reading page #5
29644531 | 6 reader: reading page #6
29644546 | 7 reader: reading page #7
29644546 | 13 reader: reading page #8
29644562 | 9 reader: reading page #9
29644578 | 10 reader: reading page #10
29644578 | 12 reader: reading page #11
29644578 | 11 reader: reading page #12
29644593 | 16 reader: reading page #13
29644593 | 18 reader: reading page #14
29644593 | 17 reader: reading page #15
29644609 | 31 reader: reading page #16
29644609 | 37 reader: reading page #17
29644609 | 32 reader: reading page #18
29644609 | 33 reader: reading page #19
29645359 | 2 reader: read the page #0. There was: 0. Release writer's semaphore
29645453 | 2 reader: going down...
29645500 | 4 reader: read the page #1. There was: 1. Release writer's semaphore
29645515 | 3 reader: read the page #2. There was: 2. Release writer's semaphore
29645562 | 5 reader: read the page #3. There was: 3. Release writer's semaphore
29645593 | 4 reader: going down...
29645593 | 0 reader: read the page #4. There was: 4. Release writer's semaphore
29645609 | 3 reader: going down...
29645625 | 1 reader: read the page #5. There was: 5. Release writer's semaphore
29645625 | 6 reader: read the page #6. There was: 6. Release writer's semaphore
29645640 | 7 reader: read the page #7. There was: 7. Release writer's semaphore
29645640 | 13 reader: read the page #8. There was: 8. Release writer's semaphore
29645656 | 9 reader: read the page #9. There was: 9. Release writer's semaphore
29645671 | 10 reader: read the page #10. There was: 10. Release writer's semaphore
29645671 | 5 reader: going down...
29645671 | 12 reader: read the page #11. There was: 11. Release writer's semaphore
29645671 | 11 reader: read the page #12. There was: 12. Release writer's semaphore
29645687 | 16 reader: read the page #13. There was: 13. Release writer's semaphore
29645687 | 18 reader: read the page #14. There was: 14. Release writer's semaphore
29645687 | 17 reader: read the page #15. There was: 15. Release writer's semaphore
29645703 | 31 reader: read the page #16. There was: 16. Release writer's semaphore
29645703 | 0 reader: going down...
29645703 | 37 reader: read the page #17. There was: 17. Release writer's semaphore
29645703 | 32 reader: read the page #18. There was: 18. Release writer's semaphore
29645703 | 33 reader: read the page #19. There was: 19. Release writer's semaphore
29645718 | 1 reader: going down...
29645718 | 6 reader: going down...
29645734 | 7 reader: going down...
29645750 | 13 reader: going down...
29645765 | 9 reader: going down...
29645765 | 10 reader: going down...
29645781 | 12 reader: going down...
29645781 | 11 reader: going down...
29645781 | 16 reader: going down...
29645796 | 18 reader: going down...
29645796 | 17 reader: going down...
29645796 | 31 reader: going down...
29645796 | 37 reader: going down...
29645812 | 32 reader: going down...
29645812 | 33 reader: going down...
29646453 | 30 reader: reading page #0
29646593 | 15 reader: reading page #1
29646609 | 29 reader: reading page #2
29646671 | 28 reader: reading page #3
29646687 | 27 reader: reading page #4
29646718 | 34 reader: reading page #5
29646718 | 19 reader: reading page #6
29646734 | 23 reader: reading page #7
29646734 | 39 reader: reading page #8
29646765 | 35 reader: reading page #9
29646765 | 20 reader: reading page #10
29646765 | 38 reader: reading page #11
29646781 | 25 reader: reading page #12
29646781 | 8 reader: reading page #13
29646781 | 24 reader: reading page #14
29646796 | 22 reader: reading page #15
29646796 | 21 reader: reading page #16
29646796 | 14 reader: reading page #17
29646796 | 26 reader: reading page #18
29646796 | 36 reader: reading page #19
29647546 | 30 reader: read the page #0. There was: 0. Release writer's semaphore
29647656 | 30 reader: going down...
29647687 | 15 reader: read the page #1. There was: 1. Release writer's semaphore
29647703 | 29 reader: read the page #2. There was: 2. Release writer's semaphore
29647765 | 28 reader: read the page #3. There was: 3. Release writer's semaphore
29647796 | 15 reader: going down...
29647796 | 27 reader: read the page #4. There was: 4. Release writer's semaphore
29647796 | 29 reader: going down...
29647812 | 34 reader: read the page #5. There was: 5. Release writer's semaphore
29647812 | 19 reader: read the page #6. There was: 6. Release writer's semaphore
29647828 | 23 reader: read the page #7. There was: 7. Release writer's semaphore
29647843 | 39 reader: read the page #8. There was: 8. Release writer's semaphore
29647859 | 35 reader: read the page #9. There was: 9. Release writer's semaphore
29647859 | 20 reader: read the page #10. There was: 10. Release writer's semaphore
29647859 | 28 reader: going down...
29647859 | 38 reader: read the page #11. There was: 11. Release writer's semaphore
29647875 | 25 reader: read the page #12. There was: 12. Release writer's semaphore
29647875 | 8 reader: read the page #13. There was: 13. Release writer's semaphore
29647890 | 24 reader: read the page #14. There was: 14. Release writer's semaphore
29647890 | 22 reader: read the page #15. There was: 15. Release writer's semaphore
29647890 | 21 reader: read the page #16. There was: 16. Release writer's semaphore
29647890 | 27 reader: going down...
29647890 | 14 reader: read the page #17. There was: 17. Release writer's semaphore
29647890 | 26 reader: read the page #18. There was: 18. Release writer's semaphore
29647906 | 36 reader: read the page #19. There was: 19. Release writer's semaphore
29647906 | 34 reader: going down...
29647921 | 19 reader: going down...
29647921 | 23 reader: going down...
29647937 | 39 reader: going down...
29647953 | 35 reader: going down...
29647968 | 20 reader: going down...
29647968 | 38 reader: going down...
29647968 | 25 reader: going down...
29647984 | 8 reader: going down...
29647984 | 24 reader: going down...
29647984 | 22 reader: going down...
29647984 | 21 reader: going down...
29648000 | 14 reader: going down...
29648000 | 26 reader: going down...
29648000 | 36 reader: going down...
