29640500 | 0 writer: ready to write!
29640500 | 0 writer: waiting for writer's semaphore
29640500 | 0 writer: writing page number to page #0
29640640 | 2 writer: ready to write!
29640640 | 2 writer: waiting for writer's semaphore
29640640 | 2 writer: writing page number to page #1
29640640 | 1 writer: ready to write!
29640640 | 1 writer: waiting for writer's semaphore
29640640 | 1 writer: writing page number to page #2
29640703 | 5 writer: ready to write!
29640703 | 5 writer: waiting for writer's semaphore
29640703 | 5 writer: writing page number to page #3
29640734 | 6 writer: ready to write!
29640734 | 6 writer: waiting for writer's semaphore
29640734 | 6 writer: writing page number to page #4
29640750 | 3 writer: ready to write!
29640750 | 3 writer: waiting for writer's semaphore
29640750 | 3 writer: writing page number to page #5
29640750 | 4 writer: ready to write!
29640750 | 4 writer: waiting for writer's semaphore
29640750 | 4 writer: writing page number to page #6
29640765 | 7 writer: ready to write!
29640765 | 7 writer: waiting for writer's semaphore
29640765 | 7 writer: writing page number to page #7
29640781 | 10 writer: ready to write!
29640781 | 10 writer: waiting for writer's semaphore
29640781 | 10 writer: writing page number to page #8
29640781 | 8 writer: ready to write!
29640781 | 8 writer: waiting for writer's semaphore
29640781 | 8 writer: writing page number to page #9
29640796 | 12 writer: ready to write!
29640796 | 12 writer: waiting for writer's semaphore
29640796 | 12 writer: writing page number to page #10
29640812 | 15 writer: ready to write!
29640812 | 15 writer: waiting for writer's semaphore
29640812 | 15 writer: writing page number to page #11
29640812 | 18 writer: ready to write!
29640812 | 18 writer: waiting for writer's semaphore
29640812 | 18 writer: writing page number to page #12
29640828 | 13 writer: ready to write!
29640828 | 13 writer: waiting for writer's semaphore
29640828 | 13 writer: writing page number to page #13
29640828 | 20 writer: ready to write!
29640828 | 20 writer: waiting for writer's semaphore
29640828 | 20 writer: writing page number to page #14
29640828 | 33 writer: ready to write!
29640828 | 33 writer: waiting for writer's semaphore
29640828 | 33 writer: writing page number to page #15
29640828 | 14 writer: ready to write!
29640828 | 14 writer: waiting for writer's semaphore
29640828 | 14 writer: writing page number to page #16
29640843 | 34 writer: ready to write!
29640843 | 34 writer: waiting for writer's semaphore
29640843 | 34 writer: writing page number to page #17
29640843 | 35 writer: ready to write!
29640843 | 35 writer: waiting for writer's semaphore
29640843 | 35 writer: writing page number to page #18
29640843 | 17 writer: ready to write!
29640843 | 17 writer: waiting for writer's semaphore
29640843 | 17 writer: writing page number to page #19
29640843 | 31 writer: ready to write!
29640843 | 31 writer: waiting for writer's semaphore
29640859 | 22 writer: ready to write!
29640859 | 22 writer: waiting for writer's semaphore
29640859 | 38 writer: ready to write!
29640859 | 38 writer: waiting for writer's semaphore
29640859 | 19 writer: ready to write!
29640859 | 19 writer: waiting for writer's semaphore
29640875 | 9 writer: ready to write!
29640875 | 9 writer: waiting for writer's semaphore
29640875 | 28 writer: ready to write!
29640875 | 28 writer: waiting for writer's semaphore
29640875 | 27 writer: ready to write!
29640875 | 27 writer: waiting for writer's semaphore
29640875 | 30 writer: ready to write!
29640875 | 30 writer: waiting for writer's semaphore
29640890 | 37 writer: ready to write!
29640890 | 37 writer: waiting for writer's semaphore
29640890 | 36 writer: ready to write!
29640890 | 36 writer: waiting for writer's semaphore
29640906 | 16 writer: ready to write!
29640906 | 16 writer: waiting for writer's semaphore
29640906 | 11 writer: ready to write!
29640906 | 11 writer: waiting for writer's semaphore
29640921 | 32 writer: ready to write!
29640921 | 32 writer: waiting for writer's semaphore
29640921 | 21 writer: ready to write!
29640921 | 21 writer: waiting for writer's semaphore
29640937 | 29 writer: ready to write!
29640937 | 29 writer: waiting for writer's semaphore
29640937 | 23 writer: ready to write!
29640937 | 23 writer: waiting for writer's semaphore
29640953 | 24 writer: ready to write!
29640953 | 24 writer: waiting for writer's semaphore
29640953 | 25 writer: ready to write!
29640953 | 25 writer: waiting for writer's semaphore
29640953 | 26 writer: ready to write!
29640953 | 26 writer: waiting for writer's semaphore
29640953 | 39 writer: ready to write!
29640953 | 39 writer: waiting for writer's semaphore
29641171 | 0 writer: release reader's semaphore #0
29641171 | 0 writer: waiting for writer's semaphore
29641312 | 2 writer: release reader's semaphore #1
29641312 | 2 writer: waiting for writer's semaphore
29641312 | 1 writer: release reader's semaphore #2
29641312 | 1 writer: waiting for writer's semaphore
29641375 | 5 writer: release reader's semaphore #3
29641375 | 5 writer: waiting for writer's semaphore
29641406 | 6 writer: release reader's semaphore #4
29641406 | 6 writer: waiting for writer's semaphore
29641421 | 3 writer: release reader's semaphore #5
29641421 | 3 writer: waiting for writer's semaphore
29641421 | 4 writer: release reader's semaphore #6
29641421 | 4 writer: waiting for writer's semaphore
29641437 | 7 writer: release reader's semaphore #7
29641437 | 7 writer: waiting for writer's semaphore
29641453 | 10 writer: release reader's semaphore #8
29641453 | 10 writer: waiting for writer's semaphore
29641453 | 8 writer: release reader's semaphore #9
29641453 | 8 writer: waiting for writer's semaphore
29641468 | 12 writer: release reader's semaphore #10
29641468 | 12 writer: waiting for writer's semaphore
29641484 | 15 writer: release reader's semaphore #11
29641484 | 15 writer: waiting for writer's semaphore
29641484 | 18 writer: release reader's semaphore #12
29641484 | 18 writer: waiting for writer's semaphore
29641484 | 13 writer: release reader's semaphore #13
29641484 | 13 writer: waiting for writer's semaphore
29641500 | 20 writer: release reader's semaphore #14
29641500 | 20 writer: waiting for writer's semaphore
29641500 | 33 writer: release reader's semaphore #15
29641500 | 33 writer: waiting for writer's semaphore
29641500 | 14 writer: release reader's semaphore #16
29641500 | 14 writer: waiting for writer's semaphore
29641500 | 34 writer: release reader's semaphore #17
29641500 | 34 writer: waiting for writer's semaphore
29641500 | 35 writer: release reader's semaphore #18
29641500 | 35 writer: waiting for writer's semaphore
29641515 | 17 writer: release reader's semaphore #19
29641515 | 17 writer: waiting for writer's semaphore
29641828 | 31 writer: writing page number to page #0
29641968 | 22 writer: writing page number to page #1
29641984 | 38 writer: writing page number to page #2
29642046 | 19 writer: writing page number to page #3
29642078 | 9 writer: writing page number to page #4
29642093 | 28 writer: writing page number to page #5
29642093 | 27 writer: writing page number to page #6
29642109 | 30 writer: writing page number to page #7
29642125 | 37 writer: writing page number to page #8
29642125 | 36 writer: writing page number to page #9
29642140 | 16 writer: writing page number to page #10
29642140 | 11 writer: writing page number to page #11
29642156 | 32 writer: writing page number to page #12
29642156 | 21 writer: writing page number to page #13
29642156 | 29 writer: writing page number to page #14
29642171 | 23 writer: writing page number to page #15
29642171 | 24 writer: writing page number to page #16
29642171 | 25 writer: writing page number to page #17
29642171 | 26 writer: writing page number to page #18
29642187 | 39 writer: writing page number to page #19
29642500 | 31 writer: release reader's semaphore #0
29642500 | 31 writer: waiting for writer's semaphore
29642640 | 22 writer: release reader's semaphore #1
29642640 | 22 writer: waiting for writer's semaphore
29642656 | 38 writer: release reader's semaphore #2
29642656 | 38 writer: waiting for writer's semaphore
29642703 | 19 writer: release reader's semaphore #3
29642703 | 19 writer: waiting for writer's semaphore
29642734 | 9 writer: release reader's semaphore #4
29642734 | 9 writer: waiting for writer's semaphore
29642765 | 28 writer: release reader's semaphore #5
29642765 | 28 writer: waiting for writer's semaphore
29642765 | 27 writer: release reader's semaphore #6
29642765 | 27 writer: waiting for writer's semaphore
29642781 | 30 writer: release reader's semaphore #7
29642781 | 30 writer: waiting for writer's semaphore
29642781 | 37 writer: release reader's semaphore #8
29642781 | 37 writer: waiting for writer's semaphore
29642796 | 36 writer: release reader's semaphore #9
29642796 | 36 writer: waiting for writer's semaphore
29642796 | 16 writer: release reader's semaphore #10
29642796 | 16 writer: waiting for writer's semaphore
29642812 | 11 writer: release reader's semaphore #11
29642812 | 11 writer: waiting for writer's semaphore
29642812 | 32 writer: release reader's semaphore #12
29642812 | 32 writer: waiting for writer's semaphore
29642828 | 21 writer: release reader's semaphore #13
29642828 | 21 writer: waiting for writer's semaphore
29642828 | 29 writer: release reader's semaphore #14
29642828 | 29 writer: waiting for writer's semaphore
29642828 | 23 writer: release reader's semaphore #15
29642828 | 23 writer: waiting for writer's semaphore
29642843 | 24 writer: release reader's semaphore #16
29642843 | 24 writer: waiting for writer's semaphore
29642843 | 25 writer: release reader's semaphore #17
29642843 | 25 writer: waiting for writer's semaphore
29642843 | 26 writer: release reader's semaphore #18
29642843 | 26 writer: waiting for writer's semaphore
29642843 | 39 writer: release reader's semaphore #19
29642843 | 39 writer: waiting for writer's semaphore
29643171 | 0 writer: writing page number to page #0
29643312 | 2 writer: writing page number to page #1
29643312 | 1 writer: writing page number to page #2
29643375 | 5 writer: writing page number to page #3
29643406 | 6 writer: writing page number to page #4
29643421 | 3 writer: writing page number to page #5
29643437 | 4 writer: writing page number to page #6
29643437 | 7 writer: writing page number to page #7
29643453 | 10 writer: writing page number to page #8
29643453 | 8 writer: writing page number to page #9
29643468 | 12 writer: writing page number to page #10
29643484 | 15 writer: writing page number to page #11
29643484 | 18 writer: writing page number to page #12
29643500 | 13 writer: writing page number to page #13
29643500 | 20 writer: writing page number to page #14
29643500 | 33 writer: writing page number to page #15
29643500 | 14 writer: writing page number to page #16
29643515 | 34 writer: writing page number to page #17
29643515 | 35 writer: writing page number to page #18
29643515 | 17 writer: writing page number to page #19
29644265 | 0 writer: release reader's semaphore #0
29644359 | 0 writer: going down...
29644406 | 2 writer: release reader's semaphore #1
29644406 | 1 writer: release reader's semaphore #2
29644468 | 5 writer: release reader's semaphore #3
29644500 | 6 writer: release reader's semaphore #4
29644500 | 2 writer: going down...
29644515 | 1 writer: going down...
29644515 | 3 writer: release reader's semaphore #5
29644531 | 4 writer: release reader's semaphore #6
29644546 | 7 writer: release reader's semaphore #7
29644546 | 10 writer: release reader's semaphore #8
29644562 | 8 writer: release reader's semaphore #9
29644562 | 12 writer: release reader's semaphore #10
29644578 | 5 writer: going down...
29644578 | 15 writer: release reader's semaphore #11
29644578 | 18 writer: release reader's semaphore #12
29644593 | 13 writer: release reader's semaphore #13
29644593 | 20 writer: release reader's semaphore #14
29644593 | 33 writer: release reader's semaphore #15
29644609 | 14 writer: release reader's semaphore #16
29644609 | 6 writer: going down...
29644609 | 34 writer: release reader's semaphore #17
29644609 | 35 writer: release reader's semaphore #18
29644609 | 17 writer: release reader's semaphore #19
29644625 | 3 writer: going down...
29644625 | 4 writer: going down...
29644640 | 7 writer: going down...
29644656 | 10 writer: going down...
29644671 | 8 writer: going down...
29644671 | 12 writer: going down...
29644671 | 15 writer: going down...
29644687 | 18 writer: going down...
29644687 | 13 writer: going down...
29644703 | 20 writer: going down...
29644703 | 33 writer: going down...
29644703 | 14 writer: going down...
29644703 | 34 writer: going down...
29644703 | 35 writer: going down...
29644718 | 17 writer: going down...
29645359 | 31 writer: writing page number to page #0
29645500 | 22 writer: writing page number to page #1
29645515 | 38 writer: writing page number to page #2
29645562 | 19 writer: writing page number to page #3
29645593 | 9 writer: writing page number to page #4
29645625 | 28 writer: writing page number to page #5
29645625 | 27 writer: writing page number to page #6
29645640 | 30 writer: writing page number to page #7
29645640 | 37 writer: writing page number to page #8
29645656 | 36 writer: writing page number to page #9
29645671 | 16 writer: writing page number to page #10
29645671 | 11 writer: writing page number to page #11
29645671 | 32 writer: writing page number to page #12
29645687 | 21 writer: writing page number to page #13
29645687 | 29 writer: writing page number to page #14
29645687 | 23 writer: writing page number to page #15
29645703 | 24 writer: writing page number to page #16
29645703 | 25 writer: writing page number to page #17
29645703 | 26 writer: writing page number to page #18
29645703 | 39 writer: writing page number to page #19
29646453 | 31 writer: release reader's semaphore #0
29646593 | 22 writer: release reader's semaphore #1
29646609 | 38 writer: release reader's semaphore #2
29646625 | 31 writer: going down...
29646671 | 19 writer: release reader's semaphore #3
29646687 | 22 writer: going down...
29646687 | 9 writer: release reader's semaphore #4
29646703 | 38 writer: going down...
29646718 | 28 writer: release reader's semaphore #5
29646718 | 27 writer: release reader's semaphore #6
29646734 | 30 writer: release reader's semaphore #7
29646734 | 37 writer: release reader's semaphore #8
29646765 | 36 writer: release reader's semaphore #9
29646765 | 16 writer: release reader's semaphore #10
29646765 | 19 writer: going down...
29646765 | 11 writer: release reader's semaphore #11
29646781 | 32 writer: release reader's semaphore #12
29646781 | 21 writer: release reader's semaphore #13
29646781 | 29 writer: release reader's semaphore #14
29646796 | 23 writer: release reader's semaphore #15
29646796 | 24 writer: release reader's semaphore #16
29646796 | 9 writer: going down...
29646796 | 25 writer: release reader's semaphore #17
29646796 | 26 writer: release reader's semaphore #18
29646796 | 39 writer: release reader's semaphore #19
29646812 | 28 writer: going down...
29646828 | 27 writer: going down...
29646828 | 30 writer: going down...
29646843 | 37 writer: going down...
29646859 | 36 writer: going down...
29646859 | 16 writer: going down...
29646875 | 11 writer: going down...
29646875 | 32 writer: going down...
29646890 | 21 writer: going down...
29646890 | 29 writer: going down...
29646890 | 23 writer: going down...
29646890 | 24 writer: going down...
29646906 | 25 writer: going down...
29646906 | 26 writer: going down...
29646906 | 39 writer: going down...
